<?xml version="1.0" encoding="UTF-8"?>
<!-- Generated by org.testng.reporters.JUnitXMLReporter -->
<testsuite hostname="DESKTOP-7708UBC" ignored="0" name="TestOnIE" tests="3" failures="0" timestamp="2020-06-29T11:19:54 IST" time="0.334" errors="0">
  <testcase name="@BeforeTest setup" time="0.241" classname="demo.TestNGMultiBrowserDemo">
    <failure type="java.lang.IllegalStateException" message="The driver executable does not exist: C:\Users\Amrutha\Desktop\MyWorkSpace\SeleniumFrameWork\drivers\iedriver\iedriver.exe">
      <![CDATA[java.lang.IllegalStateException: The driver executable does not exist: C:\Users\Amrutha\Desktop\MyWorkSpace\SeleniumFrameWork\drivers\iedriver\iedriver.exe
at com.google.common.base.Preconditions.checkState(Preconditions.java:534)
at org.openqa.selenium.remote.service.DriverService.checkExecutable(DriverService.java:136)
at org.openqa.selenium.remote.service.DriverService.findExecutable(DriverService.java:131)
at org.openqa.selenium.ie.InternetExplorerDriverService.access$000(InternetExplorerDriverService.java:32)
at org.openqa.selenium.ie.InternetExplorerDriverService$Builder.findDefaultExecutable(InternetExplorerDriverService.java:167)
at org.openqa.selenium.remote.service.DriverService$Builder.build(DriverService.java:329)
at org.openqa.selenium.ie.InternetExplorerDriver.setupService(InternetExplorerDriver.java:291)
at org.openqa.selenium.ie.InternetExplorerDriver.<init>(InternetExplorerDriver.java:213)
at org.openqa.selenium.ie.InternetExplorerDriver.<init>(InternetExplorerDriver.java:152)
at demo.TestNGMultiBrowserDemo.setup(TestNGMultiBrowserDemo.java:32)
at java.util.concurrent.FutureTask.run(FutureTask.java:266)
at java.util.concurrent.ThreadPoolExecutor.runWorker(ThreadPoolExecutor.java:1149)
at java.util.concurrent.ThreadPoolExecutor$Worker.run(ThreadPoolExecutor.java:624)
at java.lang.Thread.run(Thread.java:748)
... Removed 15 stack frames]]>
    </failure>
  </testcase> <!-- @BeforeTest setup -->
  <testcase name="test1" time="0.0" classname="demo.TestNGMultiBrowserDemo">
    <skipped/>
  </testcase> <!-- test1 -->
  <testcase name="test1" time="0.0" classname="demo.TestNGMultiBrowserDemo">
    <skipped/>
  </testcase> <!-- test1 -->
  <testcase name="test1" time="0.0" classname="demo.TestNGMultiBrowserDemo">
    <skipped/>
  </testcase> <!-- test1 -->
</testsuite> <!-- TestOnIE -->
