<?xml version="1.0" encoding="UTF-8"?>
<!-- Generated by org.testng.reporters.JUnitXMLReporter -->
<testsuite hostname="DESKTOP-7708UBC" ignored="0" name="Test" tests="6" failures="2" timestamp="2020-06-27T11:44:43 IST" time="0.186" errors="0">
  <testcase name="test1" time="0.02" classname="listeners.TestNGListenerDemo"/>
  <testcase name="test2" time="0.009" classname="listeners.TestNGListenerDemo">
    <failure type="junit.framework.AssertionFailedError">
      <![CDATA[junit.framework.AssertionFailedError
at junit.framework.Assert.fail(Assert.java:55)
at junit.framework.Assert.assertTrue(Assert.java:22)
at junit.framework.Assert.assertTrue(Assert.java:31)
at listeners.TestNGListenerDemo.test2(TestNGListenerDemo.java:19)
at java.util.ArrayList.forEach(ArrayList.java:1257)
... Removed 27 stack frames]]>
    </failure>
  </testcase> <!-- test2 -->
  <testcase name="test3" time="0.006" classname="listeners.TestNGListenerDemo">
    <skipped/>
  </testcase> <!-- test3 -->
  <testcase name="test4" time="0.002" classname="listeners.TestNGListenerDemo2"/>
  <testcase name="test5" time="0.004" classname="listeners.TestNGListenerDemo2">
    <failure type="junit.framework.AssertionFailedError">
      <![CDATA[junit.framework.AssertionFailedError
at junit.framework.Assert.fail(Assert.java:55)
at junit.framework.Assert.assertTrue(Assert.java:22)
at junit.framework.Assert.assertTrue(Assert.java:31)
at listeners.TestNGListenerDemo2.test5(TestNGListenerDemo2.java:19)
at java.util.ArrayList.forEach(ArrayList.java:1257)
... Removed 27 stack frames]]>
    </failure>
  </testcase> <!-- test5 -->
  <testcase name="test6" time="0.008" classname="listeners.TestNGListenerDemo2">
    <skipped/>
  </testcase> <!-- test6 -->
</testsuite> <!-- Test -->
